app/synappease movil/DataService/proguard/seeds.txt
android.support.v4.util.SparseArrayCompat
android.support.v4.util.SparseArrayCompat: java.lang.Object DELETED
android.support.v4.util.SparseArrayCompat: boolean mGarbage
android.support.v4.util.SparseArrayCompat: int[] mKeys
android.support.v4.util.SparseArrayCompat: java.lang.Object[] mValues
android.support.v4.util.SparseArrayCompat: int mSize
android.support.v4.util.SparseArrayCompat: SparseArrayCompat()
android.support.v4.util.SparseArrayCompat: SparseArrayCompat(int)
android.support.v4.util.SparseArrayCompat: android.support.v4.util.SparseArrayCompat clone()
android.support.v4.util.SparseArrayCompat: java.lang.Object get(int)
android.support.v4.util.SparseArrayCompat: java.lang.Object get(int,java.lang.Object)
android.support.v4.util.SparseArrayCompat: void delete(int)
android.support.v4.util.SparseArrayCompat: void remove(int)
android.support.v4.util.SparseArrayCompat: void removeAt(int)
android.support.v4.util.SparseArrayCompat: void removeAtRange(int,int)
android.support.v4.util.SparseArrayCompat: void gc()
android.support.v4.util.SparseArrayCompat: void put(int,java.lang.Object)
android.support.v4.util.SparseArrayCompat: int size()
android.support.v4.util.SparseArrayCompat: int keyAt(int)
android.support.v4.util.SparseArrayCompat: java.lang.Object valueAt(int)
android.support.v4.util.SparseArrayCompat: void setValueAt(int,java.lang.Object)
android.support.v4.util.SparseArrayCompat: int indexOfKey(int)
android.support.v4.util.TimeUtils
android.support.v4.util.TimeUtils: int HUNDRED_DAY_FIELD_LEN
android.support.v4.util.TimeUtils: int SECONDS_PER_MINUTE
android.support.v4.util.TimeUtils: int SECONDS_PER_HOUR
android.support.v4.util.TimeUtils: int SECONDS_PER_DAY
android.support.v4.util.TimeUtils: java.lang.Object sFormatSync
android.support.v4.util.TimeUtils: char[] sFormatStr
android.support.v4.util.TimeUtils: TimeUtils()
android.support.v4.util.TimeUtils: int accumField(int,int,boolean,int)
android.support.v4.util.TimeUtils: int printField(char[],int,char,int,boolean,int)
android.support.v4.util.TimeUtils: int formatDurationLocked(long,int)
android.support.v4.util.TimeUtils: void formatDuration(long,java.lang.StringBuilder)
android.support.v4.util.TimeUtils: void formatDuration(long,java.io.PrintWriter,int)
android.support.v4.util.TimeUtils: void formatDuration(long,java.io.PrintWriter)
android.support.v4.util.TimeUtils: void formatDuration(long,long,java.io.PrintWriter)
android.support.v4.util.TimeUtils: void <clinit>()
android.support.v4.view.AccessibilityDelegateCompat
android.support.v4.view.AccessibilityDelegateCompat: android.support.v4.view.AccessibilityDelegateCompat$AccessibilityDelegateImpl IMPL
android.support.v4.view.AccessibilityDelegateCompat: java.lang.Object DEFAULT_DELEGATE
android.support.v4.view.AccessibilityDelegateCompat: java.lang.Object mBridge
android.support.v4.view.AccessibilityDelegateCompat: AccessibilityDelegateCompat()
android.support.v4.view.AccessibilityDelegateCompat: java.lang.Object getBridge()
android.support.v4.view.AccessibilityDelegateCompat: void sendAccessibilityEvent(android.view.View,int)
android.support.v4.view.AccessibilityDelegateCompat: void sendAccessibilityEventUnchecked(android.view.View,android.view.accessibility.AccessibilityEvent)
android.support.v4.view.AccessibilityDelegateCompat: boolean dispatchPopulateAccessibilityEvent(android.view.View,android.view.accessibility.AccessibilityEvent)
android.support.v4.view.AccessibilityDelegateCompat: void onPopulateAccessibilityEvent(android.view.View,android.view.accessibility.AccessibilityEvent)
android.support.v4.view.AccessibilityDelegateCompat: void onInitializeAccessibilityEvent(android.view.View,android.view.accessibility.AccessibilityEvent)
android.support.v4.view.AccessibilityDelegateCompat: void onInitializeAccessibilityNodeInfo(android.view.View,android.support.v4.view.accessibility.AccessibilityNodeInfoCompat)