app/synappease movil/DataService/proguard/mapping.txt
android.support.v4.widget.ContentLoadingProgressBar$2 -> android.support.v4.widget.ContentLoadingProgressBar$2:
    android.support.v4.widget.ContentLoadingProgressBar this$0 -> this$0
    void run() -> run
android.support.v4.widget.CursorAdapter -> android.support.v4.widget.CursorAdapter:
    boolean mDataValid -> mDataValid
    boolean mAutoRequery -> mAutoRequery
    android.database.Cursor mCursor -> mCursor
    android.content.Context mContext -> mContext
    int mRowIDColumn -> mRowIDColumn
    android.support.v4.widget.CursorAdapter$ChangeObserver mChangeObserver -> mChangeObserver
    android.database.DataSetObserver mDataSetObserver -> mDataSetObserver
    android.support.v4.widget.CursorFilter mCursorFilter -> mCursorFilter
    android.widget.FilterQueryProvider mFilterQueryProvider -> mFilterQueryProvider
    int FLAG_AUTO_REQUERY -> FLAG_AUTO_REQUERY
    int FLAG_REGISTER_CONTENT_OBSERVER -> FLAG_REGISTER_CONTENT_OBSERVER
    void init(android.content.Context,android.database.Cursor,boolean) -> init
    void init(android.content.Context,android.database.Cursor,int) -> init
    android.database.Cursor getCursor() -> getCursor
    int getCount() -> getCount
    java.lang.Object getItem(int) -> getItem
    long getItemId(int) -> getItemId
    boolean hasStableIds() -> hasStableIds
    android.view.View getView(int,android.view.View,android.view.ViewGroup) -> getView
    android.view.View getDropDownView(int,android.view.View,android.view.ViewGroup) -> getDropDownView
    android.view.View newView(android.content.Context,android.database.Cursor,android.view.ViewGroup) -> newView
android.support.v4.widget.CursorAdapter$1 -> android.support.v4.widget.CursorAdapter$1:
android.support.v4.widget.CursorAdapter$ChangeObserver -> android.support.v4.widget.CursorAdapter$ChangeObserver:
    android.support.v4.widget.CursorAdapter this$0 -> this$0
    boolean deliverSelfNotifications() -> deliverSelfNotifications
    void onChange(boolean) -> onChange
android.support.v4.widget.CursorAdapter$MyDataSetObserver -> android.support.v4.widget.CursorAdapter$MyDataSetObserver:
    android.support.v4.widget.CursorAdapter this$0 -> this$0
    void onChanged() -> onChanged
    void onInvalidated() -> onInvalidated
android.support.v4.widget.CursorFilter -> android.support.v4.widget.CursorFilter:
    android.support.v4.widget.CursorFilter$CursorFilterClient mClient -> mClient
    java.lang.CharSequence convertResultToString(java.lang.Object) -> convertResultToString
    android.widget.Filter$FilterResults performFiltering(java.lang.CharSequence) -> performFiltering
    void publishResults(java.lang.CharSequence,android.widget.Filter$FilterResults) -> publishResults
android.support.v4.widget.CursorFilter$CursorFilterClient -> android.support.v4.widget.CursorFilter$CursorFilterClient:
    java.lang.CharSequence convertToString(android.database.Cursor) -> convertToString
    android.database.Cursor runQueryOnBackgroundThread(java.lang.CharSequence) -> runQueryOnBackgroundThread
    android.database.Cursor getCursor() -> getCursor
    void changeCursor(android.database.Cursor) -> changeCursor