app/synappease movil/DataService/proguard/usage.txt
com.jeremyfeinstein.slidingmenu.lib.CanvasTransformerBuilder$1
com.jeremyfeinstein.slidingmenu.lib.CanvasTransformerBuilder$2
com.jeremyfeinstein.slidingmenu.lib.CanvasTransformerBuilder$3
com.jeremyfeinstein.slidingmenu.lib.CanvasTransformerBuilder$4
com.jeremyfeinstein.slidingmenu.lib.CanvasTransformerBuilder$5
com.jeremyfeinstein.slidingmenu.lib.CanvasTransformerBuilder$6
com.jeremyfeinstein.slidingmenu.lib.CustomViewAbove:
    private static final java.lang.String TAG
    private static final boolean DEBUG
    private static final boolean USE_CACHE
    private static final int MAX_SETTLE_DURATION
    private static final int MIN_DISTANCE_FOR_FLING
    private static final int INVALID_POINTER
    263:264:public void setOnOpenedListener(com.jeremyfeinstein.slidingmenu.lib.SlidingMenu$OnOpenedListener)
    267:268:public void setOnClosedListener(com.jeremyfeinstein.slidingmenu.lib.SlidingMenu$OnClosedListener)
    283:286:public void addIgnoredView(android.view.View)
    289:290:public void removeIgnoredView(android.view.View)
    293:294:public void clearIgnoredViews()
    326:326:public int getContentLeft()
    351:357:public int getChildWidth(int)
    362:362:public boolean isSlidingEnabled()
    366:367:public void setSlidingEnabled(boolean)
    376:377:void smoothScrollTo(int,int)
    482:484:public void setAboveOffset(int)
    572:572:public int getTouchMode()
    900:917:protected boolean canScroll(android.view.View,boolean,int,int,int)
com.jeremyfeinstein.slidingmenu.lib.CustomViewAbove$SimpleOnPageChangeListener:
    147:147:public void onPageScrollStateChanged(int)
com.jeremyfeinstein.slidingmenu.lib.CustomViewBehind:
    private static final java.lang.String TAG
    private static final int MARGIN_THRESHOLD
    49:50:public void setCanvasTransformer(com.jeremyfeinstein.slidingmenu.lib.SlidingMenu$CanvasTransformer)
    58:59:public void setMarginThreshold(int)
    62:62:public int getMarginThreshold()
    85:89:public void setSecondaryContent(android.view.View)
    168:168:public int getMode()
    176:176:public float getScrollScale()
    185:187:public void setSecondaryShadowDrawable(android.graphics.drawable.Drawable)
    417:426:public void setSelectedView(android.view.View)
com.jeremyfeinstein.slidingmenu.lib.MenuInterface
com.jeremyfeinstein.slidingmenu.lib.R:
    9:9:public R()
com.jeremyfeinstein.slidingmenu.lib.R$attr
com.jeremyfeinstein.slidingmenu.lib.R$bool
com.jeremyfeinstein.slidingmenu.lib.R$color
com.jeremyfeinstein.slidingmenu.lib.R$dimen
com.jeremyfeinstein.slidingmenu.lib.R$drawable